Log file created at
2020. január 18.
8:42:15

Running Version 1.000000 (previous ver: 1.000000). 
Sound Engine initialized.
ddraw.dll loaded
using primary DirectDraw device.
Compatible primary surface.  Using ddraw blt.
EAT SUPPRESSED.
EAT SUPPRESSED.
EAT SUPPRESSED.
EAT SUPPRESSED.
EAT SUPPRESSED.
EAT SUPPRESSED.
EAT SUPPRESSED.
EAT SUPPRESSED.
Primary surface lost; must take down display.
No primary surface; must setup display.
using primary DirectDraw device.
Compatible primary surface.  Using ddraw blt.
EAT SUPPRESSED.
EAT SUPPRESSED.
EAT SUPPRESSED.
EAT SUPPRESSED.
EAT SUPPRESSED.
